  $ gifsicle -I snake-costa-rica.gif

  snake-costa-rica.gif 39 images
  logical screen 1000x482
  global color table [256]
  background 255
  loop forever
  extensions 1
  + image #0 1000x482 transparent 255
    disposal asis delay 0.04s
  + image #1 236x210 at 674,272 transparent 255
    disposal asis delay 0.04s
  + image #2 240x212 at 690,270 transparent 255
    disposal asis delay 0.04s
  + image #3 379x211 at 589,271 transparent 255
    disposal asis delay 0.04s
  + image #4 379x212 at 589,270 transparent 255
    disposal asis delay 0.04s
// START OMIT
  + image #5 298x213 at 630,269 transparent 255
    disposal asis delay 0.04s
  + image #6 232x214 at 670,268 transparent 255
    disposal asis delay 0.04s
  + image #7 395x214 at 589,268 transparent 255
    disposal asis delay 0.04s
  + image #8 338x212 at 606,270 transparent 255
    disposal asis delay 0.04s
  + image #9 395x212 at 589,270 transparent 255
    disposal asis delay 0.04s
  + image #10 395x211 at 589,271 transparent 255
    disposal asis delay 0.04s
  + image #11 399x213 at 589,269 transparent 255
    disposal asis delay 0.04s
  + image #12 298x212 at 669,270 transparent 255
    disposal asis delay 0.04s
  + image #13 324x214 at 664,268 transparent 255
    disposal asis delay 0.04s
  + image #14 395x213 at 589,269 transparent 255
    disposal asis delay 0.04s
  + image #15 321x211 at 589,271 transparent 255
    disposal asis delay 0.04s
  + image #16 399x213 at 589,269 transparent 255
    disposal asis delay 0.04s
  + image #17 382x213 at 606,269 transparent 255
    disposal asis delay 0.04s
  + image #18 386x213 at 602,269 transparent 255
    disposal asis delay 0.04s
  + image #19 310x213 at 589,269 transparent 255
    disposal asis delay 0.04s
  + image #20 356x213 at 589,269 transparent 255
    disposal asis delay 0.04s
  + image #21 378x213 at 589,269 transparent 255
    disposal asis delay 0.04s
  + image #22 399x213 at 589,269 transparent 255
    disposal asis delay 0.04s
  + image #23 366x213 at 602,269 transparent 255
    disposal asis delay 0.04s
  + image #24 379x211 at 589,271 transparent 255
    disposal asis delay 0.04s
  + image #25 355x210 at 589,272 transparent 255
    disposal asis delay 0.04s
  + image #26 250x211 at 694,271 transparent 255
    disposal asis delay 0.04s
  + image #27 379x208 at 589,274 transparent 255
    disposal asis delay 0.04s
  + image #28 320x211 at 589,271 transparent 255
    disposal asis delay 0.04s
  + image #29 320x211 at 589,271 transparent 255
    disposal asis delay 0.04s
  + image #30 230x211 at 669,271 transparent 255
    disposal asis delay 2.00s
  + image #31 319x209 at 589,273 transparent 255
    disposal asis delay 0.04s
  + image #32 321x209 at 589,273 transparent 255
    disposal asis delay 0.04s
  + image #33 341x211 at 589,271 transparent 255
    disposal asis delay 0.04s
  + image #34 341x209 at 589,273 transparent 255
    disposal asis delay 0.04s
  + image #35 320x209 at 589,273 transparent 255
    disposal asis delay 0.04s
  + image #36 321x209 at 589,273 transparent 255
    disposal asis delay 0.04s
  + image #37 321x213 at 589,269 transparent 255
    disposal asis delay 0.04s
  + image #38 320x213 at 589,269 transparent 255
    disposal asis delay 0.04s
// END OMIT
